<?xml version="1.0" encoding="UTF-8"?>
<!-- Generated by org.testng.reporters.JUnitReportReporter -->
<testsuite hostname="DESKTOP-767O602" failures="0" tests="1" name="firstTests.FirstTest" time="0.011" errors="0" timestamp="2022-04-02T18:39:20 MSK" skipped="0">
  <testcase classname="firstTests.FirstTest" name="startTest" time="0.011"/>
  <system-out/>
</testsuite> <!-- firstTests.FirstTest -->
