<?xml version="1.0" encoding="UTF-8"?>
<!-- Generated by org.testng.reporters.JUnitReportReporter -->
<testsuite hostname="DESKTOP-767O602" failures="0" tests="3" name="firstTests.ThirdTest" time="0.018" errors="0" timestamp="2022-03-23T20:24:01 MSK" skipped="0">
  <testcase classname="firstTests.ThirdTest" name="startTest" time="0.005"/>
  <system-out/>
  <testcase classname="firstTests.ThirdTest" name="startTestV2" time="0.012"/>
  <system-out/>
  <testcase classname="firstTests.ThirdTest" name="startTest" time="0.001"/>
  <system-out/>
</testsuite> <!-- firstTests.ThirdTest -->
